<?xml version="1.0" encoding="UTF-8"?>
<!-- Generated by org.testng.reporters.JUnitReportReporter -->
<testsuite skipped="0" hostname="LAPTOP-L775H7G4" name="com.test.demotest" tests="2" failures="0" timestamp="16 Aug 2020 05:17:19 GMT" time="0.074" errors="0">
  <testcase name="Test2" time="0.006" classname="com.test.demotest"/>
  <testcase name="Test" time="0.068" classname="com.test.demotest"/>
</testsuite> <!-- com.test.demotest -->
