<?xml version="1.0" encoding="UTF-8"?>
<!-- Generated by org.testng.reporters.JUnitReportReporter -->
<testsuite skipped="0" hostname="LAPTOP-L775H7G4" name="com.test.LoginTest" tests="1" failures="0" timestamp="16 Aug 2020 05:45:10 GMT" time="18.080" errors="0">
  <testcase name="test01" time="18.080" classname="com.test.LoginTest"/>
</testsuite> <!-- com.test.LoginTest -->
