<?xml version="1.0" encoding="UTF-8"?>
<!-- Generated by org.testng.reporters.JUnitReportReporter -->
<testsuite skipped="0" hostname="LAPTOP-L775H7G4" name="com.test.LoginTest" tests="1" failures="0" timestamp="13 Sep 2020 00:36:37 GMT" time="17.752" errors="0">
  <testcase name="test01" time="17.752" classname="com.test.LoginTest"/>
</testsuite> <!-- com.test.LoginTest -->
