<?xml version="1.0" encoding="UTF-8"?>
<!-- Generated by org.testng.reporters.JUnitReportReporter -->
<testsuite skipped="0" hostname="LAPTOP-L775H7G4" name="com.test.demotest" tests="2" failures="0" timestamp="13 Sep 2020 00:36:37 GMT" time="0.023" errors="0">
  <testcase name="Test" time="0.023" classname="com.test.demotest"/>
  <testcase name="Test2" time="0.000" classname="com.test.demotest"/>
</testsuite> <!-- com.test.demotest -->
